<?xml version="1.0" encoding="UTF-8"?>
<testsuite xmlns:xsi="http://www.w3.org/2001/XMLSchema-instance" xsi:noNamespaceSchemaLocation="https://maven.apache.org/surefire/maven-surefire-plugin/xsd/surefire-test-report.xsd" name="testRunner.TestRun" time="1,105.446" tests="89" errors="0" skipped="0" failures="0">
  <properties>
    <property name="awt.toolkit" value="sun.awt.X11.XToolkit"/>
    <property name="java.specification.version" value="11"/>
    <property name="sun.cpu.isalist" value=""/>
    <property name="sun.jnu.encoding" value="UTF-8"/>
    <property name="java.class.path" value="/home/coder/project/workspace/cucumberapp/target/test-classes:/home/coder/project/workspace/cucumberapp/target/classes:/home/coder/.m2/repository/info/cukes/gherkin/2.12.2/gherkin-2.12.2.jar:/home/coder/.m2/repository/info/cukes/cucumber-junit/1.2.5/cucumber-junit-1.2.5.jar:/home/coder/.m2/repository/info/cukes/cucumber-core/1.2.5/cucumber-core-1.2.5.jar:/home/coder/.m2/repository/info/cukes/cucumber-html/0.2.3/cucumber-html-0.2.3.jar:/home/coder/.m2/repository/info/cukes/cucumber-jvm-deps/1.0.5/cucumber-jvm-deps-1.0.5.jar:/home/coder/.m2/repository/info/cukes/cucumber-java/1.2.5/cucumber-java-1.2.5.jar:/home/coder/.m2/repository/io/cucumber/cucumber-java/7.12.1/cucumber-java-7.12.1.jar:/home/coder/.m2/repository/io/cucumber/cucumber-core/7.12.1/cucumber-core-7.12.1.jar:/home/coder/.m2/repository/io/cucumber/cucumber-gherkin/7.12.1/cucumber-gherkin-7.12.1.jar:/home/coder/.m2/repository/io/cucumber/cucumber-gherkin-messages/7.12.1/cucumber-gherkin-messages-7.12.1.jar:/home/coder/.m2/repository/io/cucumber/gherkin/26.2.0/gherkin-26.2.0.jar:/home/coder/.m2/repository/io/cucumber/messages/22.0.0/messages-22.0.0.jar:/home/coder/.m2/repository/io/cucumber/tag-expressions/5.0.1/tag-expressions-5.0.1.jar:/home/coder/.m2/repository/io/cucumber/cucumber-expressions/16.1.2/cucumber-expressions-16.1.2.jar:/home/coder/.m2/repository/io/cucumber/datatable/7.12.1/datatable-7.12.1.jar:/home/coder/.m2/repository/io/cucumber/cucumber-plugin/7.12.1/cucumber-plugin-7.12.1.jar:/home/coder/.m2/repository/io/cucumber/docstring/7.12.1/docstring-7.12.1.jar:/home/coder/.m2/repository/io/cucumber/html-formatter/20.3.1/html-formatter-20.3.1.jar:/home/coder/.m2/repository/io/cucumber/junit-xml-formatter/0.2.0/junit-xml-formatter-0.2.0.jar:/home/coder/.m2/repository/io/cucumber/ci-environment/9.2.0/ci-environment-9.2.0.jar:/home/coder/.m2/repository/org/apiguardian/apiguardian-api/1.1.2/apiguardian-api-1.1.2.jar:/home/coder/.m2/repository/org/junit/jupiter/junit-jupiter-api/5.10.0-M1/junit-jupiter-api-5.10.0-M1.jar:/home/coder/.m2/repository/org/opentest4j/opentest4j/1.2.0/opentest4j-1.2.0.jar:/home/coder/.m2/repository/org/junit/platform/junit-platform-commons/1.10.0-M1/junit-platform-commons-1.10.0-M1.jar:/home/coder/.m2/repository/io/cucumber/cucumber-junit/7.12.1/cucumber-junit-7.12.1.jar:/home/coder/.m2/repository/org/seleniumhq/selenium/selenium-java/4.10.0/selenium-java-4.10.0.jar:/home/coder/.m2/repository/org/seleniumhq/selenium/selenium-api/4.10.0/selenium-api-4.10.0.jar:/home/coder/.m2/repository/org/seleniumhq/selenium/selenium-chrome-driver/4.10.0/selenium-chrome-driver-4.10.0.jar:/home/coder/.m2/repository/com/google/auto/service/auto-service-annotations/1.0.1/auto-service-annotations-1.0.1.jar:/home/coder/.m2/repository/com/google/auto/service/auto-service/1.0.1/auto-service-1.0.1.jar:/home/coder/.m2/repository/com/google/auto/auto-common/1.2/auto-common-1.2.jar:/home/coder/.m2/repository/com/google/guava/guava/31.1-jre/guava-31.1-jre.jar:/home/coder/.m2/repository/com/google/guava/failureaccess/1.0.1/failureaccess-1.0.1.jar:/home/coder/.m2/repository/com/google/guava/listenablefuture/9999.0-empty-to-avoid-conflict-with-guava/listenablefuture-9999.0-empty-to-avoid-conflict-with-guava.jar:/home/coder/.m2/repository/com/google/code/findbugs/jsr305/3.0.2/jsr305-3.0.2.jar:/home/coder/.m2/repository/org/checkerframework/checker-qual/3.12.0/checker-qual-3.12.0.jar:/home/coder/.m2/repository/com/google/errorprone/error_prone_annotations/2.11.0/error_prone_annotations-2.11.0.jar:/home/coder/.m2/repository/com/google/j2objc/j2objc-annotations/1.3/j2objc-annotations-1.3.jar:/home/coder/.m2/repository/org/seleniumhq/selenium/selenium-chromium-driver/4.10.0/selenium-chromium-driver-4.10.0.jar:/home/coder/.m2/repository/org/seleniumhq/selenium/selenium-json/4.10.0/selenium-json-4.10.0.jar:/home/coder/.m2/repository/org/seleniumhq/selenium/selenium-manager/4.10.0/selenium-manager-4.10.0.jar:/home/coder/.m2/repository/org/seleniumhq/selenium/selenium-devtools-v112/4.10.0/selenium-devtools-v112-4.10.0.jar:/home/coder/.m2/repository/org/seleniumhq/selenium/selenium-devtools-v113/4.10.0/selenium-devtools-v113-4.10.0.jar:/home/coder/.m2/repository/org/seleniumhq/selenium/selenium-devtools-v114/4.10.0/selenium-devtools-v114-4.10.0.jar:/home/coder/.m2/repository/org/seleniumhq/selenium/selenium-devtools-v85/4.10.0/selenium-devtools-v85-4.10.0.jar:/home/coder/.m2/repository/org/seleniumhq/selenium/selenium-edge-driver/4.10.0/selenium-edge-driver-4.10.0.jar:/home/coder/.m2/repository/org/seleniumhq/selenium/selenium-firefox-driver/4.10.0/selenium-firefox-driver-4.10.0.jar:/home/coder/.m2/repository/org/seleniumhq/selenium/selenium-http/4.10.0/selenium-http-4.10.0.jar:/home/coder/.m2/repository/dev/failsafe/failsafe/3.3.1/failsafe-3.3.1.jar:/home/coder/.m2/repository/org/seleniumhq/selenium/selenium-ie-driver/4.10.0/selenium-ie-driver-4.10.0.jar:/home/coder/.m2/repository/org/seleniumhq/selenium/selenium-remote-driver/4.10.0/selenium-remote-driver-4.10.0.jar:/home/coder/.m2/repository/io/netty/netty-buffer/4.1.92.Final/netty-buffer-4.1.92.Final.jar:/home/coder/.m2/repository/io/netty/netty-codec-http/4.1.92.Final/netty-codec-http-4.1.92.Final.jar:/home/coder/.m2/repository/io/netty/netty-codec/4.1.92.Final/netty-codec-4.1.92.Final.jar:/home/coder/.m2/repository/io/netty/netty-handler/4.1.92.Final/netty-handler-4.1.92.Final.jar:/home/coder/.m2/repository/io/netty/netty-common/4.1.92.Final/netty-common-4.1.92.Final.jar:/home/coder/.m2/repository/io/netty/netty-transport-classes-epoll/4.1.92.Final/netty-transport-classes-epoll-4.1.92.Final.jar:/home/coder/.m2/repository/io/netty/netty-transport-classes-kqueue/4.1.92.Final/netty-transport-classes-kqueue-4.1.92.Final.jar:/home/coder/.m2/repository/io/netty/netty-transport-native-epoll/4.1.92.Final/netty-transport-native-epoll-4.1.92.Final.jar:/home/coder/.m2/repository/io/netty/netty-transport-native-kqueue/4.1.92.Final/netty-transport-native-kqueue-4.1.92.Final.jar:/home/coder/.m2/repository/io/netty/netty-transport-native-unix-common/4.1.92.Final/netty-transport-native-unix-common-4.1.92.Final.jar:/home/coder/.m2/repository/io/netty/netty-transport/4.1.92.Final/netty-transport-4.1.92.Final.jar:/home/coder/.m2/repository/io/netty/netty-resolver/4.1.92.Final/netty-resolver-4.1.92.Final.jar:/home/coder/.m2/repository/io/opentelemetry/opentelemetry-api/1.26.0/opentelemetry-api-1.26.0.jar:/home/coder/.m2/repository/io/opentelemetry/opentelemetry-context/1.26.0/opentelemetry-context-1.26.0.jar:/home/coder/.m2/repository/io/opentelemetry/opentelemetry-exporter-logging/1.26.0/opentelemetry-exporter-logging-1.26.0.jar:/home/coder/.m2/repository/io/opentelemetry/opentelemetry-sdk-metrics/1.26.0/opentelemetry-sdk-metrics-1.26.0.jar:/home/coder/.m2/repository/io/opentelemetry/opentelemetry-extension-incubator/1.26.0-alpha/opentelemetry-extension-incubator-1.26.0-alpha.jar:/home/coder/.m2/repository/io/opentelemetry/opentelemetry-sdk-logs/1.26.0-alpha/opentelemetry-sdk-logs-1.26.0-alpha.jar:/home/coder/.m2/repository/io/opentelemetry/opentelemetry-api-logs/1.26.0-alpha/opentelemetry-api-logs-1.26.0-alpha.jar:/home/coder/.m2/repository/io/opentelemetry/opentelemetry-api-events/1.26.0-alpha/opentelemetry-api-events-1.26.0-alpha.jar:/home/coder/.m2/repository/io/opentelemetry/opentelemetry-sdk-common/1.26.0/opentelemetry-sdk-common-1.26.0.jar:/home/coder/.m2/repository/io/opentelemetry/opentelemetry-sdk-extension-autoconfigure-spi/1.26.0/opentelemetry-sdk-extension-autoconfigure-spi-1.26.0.jar:/home/coder/.m2/repository/io/opentelemetry/opentelemetry-sdk-extension-autoconfigure/1.26.0-alpha/opentelemetry-sdk-extension-autoconfigure-1.26.0-alpha.jar:/home/coder/.m2/repository/io/opentelemetry/opentelemetry-sdk-trace/1.26.0/opentelemetry-sdk-trace-1.26.0.jar:/home/coder/.m2/repository/io/opentelemetry/opentelemetry-sdk/1.26.0/opentelemetry-sdk-1.26.0.jar:/home/coder/.m2/repository/io/opentelemetry/opentelemetry-semconv/1.26.0-alpha/opentelemetry-semconv-1.26.0-alpha.jar:/home/coder/.m2/repository/net/bytebuddy/byte-buddy/1.14.4/byte-buddy-1.14.4.jar:/home/coder/.m2/repository/org/apache/commons/commons-exec/1.3/commons-exec-1.3.jar:/home/coder/.m2/repository/org/asynchttpclient/async-http-client/2.12.3/async-http-client-2.12.3.jar:/home/coder/.m2/repository/org/asynchttpclient/async-http-client-netty-utils/2.12.3/async-http-client-netty-utils-2.12.3.jar:/home/coder/.m2/repository/io/netty/netty-codec-socks/4.1.60.Final/netty-codec-socks-4.1.60.Final.jar:/home/coder/.m2/repository/io/netty/netty-handler-proxy/4.1.60.Final/netty-handler-proxy-4.1.60.Final.jar:/home/coder/.m2/repository/io/netty/netty-transport-native-epoll/4.1.60.Final/netty-transport-native-epoll-4.1.60.Final-linux-x86_64.jar:/home/coder/.m2/repository/io/netty/netty-transport-native-kqueue/4.1.60.Final/netty-transport-native-kqueue-4.1.60.Final-osx-x86_64.jar:/home/coder/.m2/repository/org/reactivestreams/reactive-streams/1.0.3/reactive-streams-1.0.3.jar:/home/coder/.m2/repository/com/typesafe/netty/netty-reactive-streams/2.0.4/netty-reactive-streams-2.0.4.jar:/home/coder/.m2/repository/com/sun/activation/jakarta.activation/1.2.2/jakarta.activation-1.2.2.jar:/home/coder/.m2/repository/org/seleniumhq/selenium/selenium-safari-driver/4.10.0/selenium-safari-driver-4.10.0.jar:/home/coder/.m2/repository/org/seleniumhq/selenium/selenium-support/4.10.0/selenium-support-4.10.0.jar:/home/coder/.m2/repository/junit/junit/4.13.2/junit-4.13.2.jar:/home/coder/.m2/repository/org/hamcrest/hamcrest-core/1.3/hamcrest-core-1.3.jar:/home/coder/.m2/repository/io/github/bonigarcia/webdrivermanager/5.3.3/webdrivermanager-5.3.3.jar:/home/coder/.m2/repository/org/slf4j/slf4j-api/2.0.7/slf4j-api-2.0.7.jar:/home/coder/.m2/repository/com/google/code/gson/gson/2.10.1/gson-2.10.1.jar:/home/coder/.m2/repository/com/github/docker-java/docker-java/3.3.0/docker-java-3.3.0.jar:/home/coder/.m2/repository/com/github/docker-java/docker-java-core/3.3.0/docker-java-core-3.3.0.jar:/home/coder/.m2/repository/com/github/docker-java/docker-java-api/3.3.0/docker-java-api-3.3.0.jar:/home/coder/.m2/repository/com/fasterxml/jackson/core/jackson-annotations/2.10.3/jackson-annotations-2.10.3.jar:/home/coder/.m2/repository/commons-io/commons-io/2.6/commons-io-2.6.jar:/home/coder/.m2/repository/org/apache/commons/commons-compress/1.21/commons-compress-1.21.jar:/home/coder/.m2/repository/com/fasterxml/jackson/core/jackson-databind/2.10.3/jackson-databind-2.10.3.jar:/home/coder/.m2/repository/com/fasterxml/jackson/core/jackson-core/2.10.3/jackson-core-2.10.3.jar:/home/coder/.m2/repository/org/bouncycastle/bcpkix-jdk15on/1.64/bcpkix-jdk15on-1.64.jar:/home/coder/.m2/repository/org/bouncycastle/bcprov-jdk15on/1.64/bcprov-jdk15on-1.64.jar:/home/coder/.m2/repository/org/slf4j/jcl-over-slf4j/1.7.30/jcl-over-slf4j-1.7.30.jar:/home/coder/.m2/repository/com/github/docker-java/docker-java-transport-httpclient5/3.3.0/docker-java-transport-httpclient5-3.3.0.jar:/home/coder/.m2/repository/com/github/docker-java/docker-java-transport/3.3.0/docker-java-transport-3.3.0.jar:/home/coder/.m2/repository/net/java/dev/jna/jna/5.12.1/jna-5.12.1.jar:/home/coder/.m2/repository/org/brotli/dec/0.1.2/dec-0.1.2.jar:/home/coder/.m2/repository/org/apache/commons/commons-lang3/3.12.0/commons-lang3-3.12.0.jar:/home/coder/.m2/repository/org/apache/httpcomponents/client5/httpclient5/5.2.1/httpclient5-5.2.1.jar:/home/coder/.m2/repository/org/apache/httpcomponents/core5/httpcore5/5.2/httpcore5-5.2.jar:/home/coder/.m2/repository/org/apache/httpcomponents/core5/httpcore5-h2/5.2/httpcore5-h2-5.2.jar:/home/coder/.m2/repository/org/sonarsource/scanner/maven/sonar-maven-plugin/3.9.1.2184/sonar-maven-plugin-3.9.1.2184.jar:/home/coder/.m2/repository/org/sonatype/plexus/plexus-sec-dispatcher/1.4/plexus-sec-dispatcher-1.4.jar:/home/coder/.m2/repository/org/sonatype/plexus/plexus-cipher/1.4/plexus-cipher-1.4.jar:/home/coder/.m2/repository/org/codehaus/plexus/plexus-utils/3.2.1/plexus-utils-3.2.1.jar:/home/coder/.m2/repository/org/sonarsource/scanner/api/sonar-scanner-api/2.16.2.588/sonar-scanner-api-2.16.2.588.jar:/home/coder/.m2/repository/commons-lang/commons-lang/2.6/commons-lang-2.6.jar:"/>
    <property name="java.vm.vendor" value="Debian"/>
    <property name="sun.arch.data.model" value="64"/>
    <property name="java.vendor.url" value="https://tracker.debian.org/openjdk-11"/>
    <property name="user.timezone" value=""/>
    <property name="java.vm.specification.version" value="11"/>
    <property name="os.name" value="Linux"/>
    <property name="sun.java.launcher" value="SUN_STANDARD"/>
    <property name="user.country" value="US"/>
    <property name="sun.boot.library.path" value="/usr/lib/jvm/java-11-openjdk-amd64/lib"/>
    <property name="sun.java.command" value="/home/coder/project/workspace/cucumberapp/target/surefire/surefirebooter1167995062458241038.jar /home/coder/project/workspace/cucumberapp/target/surefire 2023-07-28T11-53-22_832-jvmRun1 surefire16010782956936634684tmp surefire_0139377623439640346tmp"/>
    <property name="jdk.debug" value="release"/>
    <property name="surefire.test.class.path" value="/home/coder/project/workspace/cucumberapp/target/test-classes:/home/coder/project/workspace/cucumberapp/target/classes:/home/coder/.m2/repository/info/cukes/gherkin/2.12.2/gherkin-2.12.2.jar:/home/coder/.m2/repository/info/cukes/cucumber-junit/1.2.5/cucumber-junit-1.2.5.jar:/home/coder/.m2/repository/info/cukes/cucumber-core/1.2.5/cucumber-core-1.2.5.jar:/home/coder/.m2/repository/info/cukes/cucumber-html/0.2.3/cucumber-html-0.2.3.jar:/home/coder/.m2/repository/info/cukes/cucumber-jvm-deps/1.0.5/cucumber-jvm-deps-1.0.5.jar:/home/coder/.m2/repository/info/cukes/cucumber-java/1.2.5/cucumber-java-1.2.5.jar:/home/coder/.m2/repository/io/cucumber/cucumber-java/7.12.1/cucumber-java-7.12.1.jar:/home/coder/.m2/repository/io/cucumber/cucumber-core/7.12.1/cucumber-core-7.12.1.jar:/home/coder/.m2/repository/io/cucumber/cucumber-gherkin/7.12.1/cucumber-gherkin-7.12.1.jar:/home/coder/.m2/repository/io/cucumber/cucumber-gherkin-messages/7.12.1/cucumber-gherkin-messages-7.12.1.jar:/home/coder/.m2/repository/io/cucumber/gherkin/26.2.0/gherkin-26.2.0.jar:/home/coder/.m2/repository/io/cucumber/messages/22.0.0/messages-22.0.0.jar:/home/coder/.m2/repository/io/cucumber/tag-expressions/5.0.1/tag-expressions-5.0.1.jar:/home/coder/.m2/repository/io/cucumber/cucumber-expressions/16.1.2/cucumber-expressions-16.1.2.jar:/home/coder/.m2/repository/io/cucumber/datatable/7.12.1/datatable-7.12.1.jar:/home/coder/.m2/repository/io/cucumber/cucumber-plugin/7.12.1/cucumber-plugin-7.12.1.jar:/home/coder/.m2/repository/io/cucumber/docstring/7.12.1/docstring-7.12.1.jar:/home/coder/.m2/repository/io/cucumber/html-formatter/20.3.1/html-formatter-20.3.1.jar:/home/coder/.m2/repository/io/cucumber/junit-xml-formatter/0.2.0/junit-xml-formatter-0.2.0.jar:/home/coder/.m2/repository/io/cucumber/ci-environment/9.2.0/ci-environment-9.2.0.jar:/home/coder/.m2/repository/org/apiguardian/apiguardian-api/1.1.2/apiguardian-api-1.1.2.jar:/home/coder/.m2/repository/org/junit/jupiter/junit-jupiter-api/5.10.0-M1/junit-jupiter-api-5.10.0-M1.jar:/home/coder/.m2/repository/org/opentest4j/opentest4j/1.2.0/opentest4j-1.2.0.jar:/home/coder/.m2/repository/org/junit/platform/junit-platform-commons/1.10.0-M1/junit-platform-commons-1.10.0-M1.jar:/home/coder/.m2/repository/io/cucumber/cucumber-junit/7.12.1/cucumber-junit-7.12.1.jar:/home/coder/.m2/repository/org/seleniumhq/selenium/selenium-java/4.10.0/selenium-java-4.10.0.jar:/home/coder/.m2/repository/org/seleniumhq/selenium/selenium-api/4.10.0/selenium-api-4.10.0.jar:/home/coder/.m2/repository/org/seleniumhq/selenium/selenium-chrome-driver/4.10.0/selenium-chrome-driver-4.10.0.jar:/home/coder/.m2/repository/com/google/auto/service/auto-service-annotations/1.0.1/auto-service-annotations-1.0.1.jar:/home/coder/.m2/repository/com/google/auto/service/auto-service/1.0.1/auto-service-1.0.1.jar:/home/coder/.m2/repository/com/google/auto/auto-common/1.2/auto-common-1.2.jar:/home/coder/.m2/repository/com/google/guava/guava/31.1-jre/guava-31.1-jre.jar:/home/coder/.m2/repository/com/google/guava/failureaccess/1.0.1/failureaccess-1.0.1.jar:/home/coder/.m2/repository/com/google/guava/listenablefuture/9999.0-empty-to-avoid-conflict-with-guava/listenablefuture-9999.0-empty-to-avoid-conflict-with-guava.jar:/home/coder/.m2/repository/com/google/code/findbugs/jsr305/3.0.2/jsr305-3.0.2.jar:/home/coder/.m2/repository/org/checkerframework/checker-qual/3.12.0/checker-qual-3.12.0.jar:/home/coder/.m2/repository/com/google/errorprone/error_prone_annotations/2.11.0/error_prone_annotations-2.11.0.jar:/home/coder/.m2/repository/com/google/j2objc/j2objc-annotations/1.3/j2objc-annotations-1.3.jar:/home/coder/.m2/repository/org/seleniumhq/selenium/selenium-chromium-driver/4.10.0/selenium-chromium-driver-4.10.0.jar:/home/coder/.m2/repository/org/seleniumhq/selenium/selenium-json/4.10.0/selenium-json-4.10.0.jar:/home/coder/.m2/repository/org/seleniumhq/selenium/selenium-manager/4.10.0/selenium-manager-4.10.0.jar:/home/coder/.m2/repository/org/seleniumhq/selenium/selenium-devtools-v112/4.10.0/selenium-devtools-v112-4.10.0.jar:/home/coder/.m2/repository/org/seleniumhq/selenium/selenium-devtools-v113/4.10.0/selenium-devtools-v113-4.10.0.jar:/home/coder/.m2/repository/org/seleniumhq/selenium/selenium-devtools-v114/4.10.0/selenium-devtools-v114-4.10.0.jar:/home/coder/.m2/repository/org/seleniumhq/selenium/selenium-devtools-v85/4.10.0/selenium-devtools-v85-4.10.0.jar:/home/coder/.m2/repository/org/seleniumhq/selenium/selenium-edge-driver/4.10.0/selenium-edge-driver-4.10.0.jar:/home/coder/.m2/repository/org/seleniumhq/selenium/selenium-firefox-driver/4.10.0/selenium-firefox-driver-4.10.0.jar:/home/coder/.m2/repository/org/seleniumhq/selenium/selenium-http/4.10.0/selenium-http-4.10.0.jar:/home/coder/.m2/repository/dev/failsafe/failsafe/3.3.1/failsafe-3.3.1.jar:/home/coder/.m2/repository/org/seleniumhq/selenium/selenium-ie-driver/4.10.0/selenium-ie-driver-4.10.0.jar:/home/coder/.m2/repository/org/seleniumhq/selenium/selenium-remote-driver/4.10.0/selenium-remote-driver-4.10.0.jar:/home/coder/.m2/repository/io/netty/netty-buffer/4.1.92.Final/netty-buffer-4.1.92.Final.jar:/home/coder/.m2/repository/io/netty/netty-codec-http/4.1.92.Final/netty-codec-http-4.1.92.Final.jar:/home/coder/.m2/repository/io/netty/netty-codec/4.1.92.Final/netty-codec-4.1.92.Final.jar:/home/coder/.m2/repository/io/netty/netty-handler/4.1.92.Final/netty-handler-4.1.92.Final.jar:/home/coder/.m2/repository/io/netty/netty-common/4.1.92.Final/netty-common-4.1.92.Final.jar:/home/coder/.m2/repository/io/netty/netty-transport-classes-epoll/4.1.92.Final/netty-transport-classes-epoll-4.1.92.Final.jar:/home/coder/.m2/repository/io/netty/netty-transport-classes-kqueue/4.1.92.Final/netty-transport-classes-kqueue-4.1.92.Final.jar:/home/coder/.m2/repository/io/netty/netty-transport-native-epoll/4.1.92.Final/netty-transport-native-epoll-4.1.92.Final.jar:/home/coder/.m2/repository/io/netty/netty-transport-native-kqueue/4.1.92.Final/netty-transport-native-kqueue-4.1.92.Final.jar:/home/coder/.m2/repository/io/netty/netty-transport-native-unix-common/4.1.92.Final/netty-transport-native-unix-common-4.1.92.Final.jar:/home/coder/.m2/repository/io/netty/netty-transport/4.1.92.Final/netty-transport-4.1.92.Final.jar:/home/coder/.m2/repository/io/netty/netty-resolver/4.1.92.Final/netty-resolver-4.1.92.Final.jar:/home/coder/.m2/repository/io/opentelemetry/opentelemetry-api/1.26.0/opentelemetry-api-1.26.0.jar:/home/coder/.m2/repository/io/opentelemetry/opentelemetry-context/1.26.0/opentelemetry-context-1.26.0.jar:/home/coder/.m2/repository/io/opentelemetry/opentelemetry-exporter-logging/1.26.0/opentelemetry-exporter-logging-1.26.0.jar:/home/coder/.m2/repository/io/opentelemetry/opentelemetry-sdk-metrics/1.26.0/opentelemetry-sdk-metrics-1.26.0.jar:/home/coder/.m2/repository/io/opentelemetry/opentelemetry-extension-incubator/1.26.0-alpha/opentelemetry-extension-incubator-1.26.0-alpha.jar:/home/coder/.m2/repository/io/opentelemetry/opentelemetry-sdk-logs/1.26.0-alpha/opentelemetry-sdk-logs-1.26.0-alpha.jar:/home/coder/.m2/repository/io/opentelemetry/opentelemetry-api-logs/1.26.0-alpha/opentelemetry-api-logs-1.26.0-alpha.jar:/home/coder/.m2/repository/io/opentelemetry/opentelemetry-api-events/1.26.0-alpha/opentelemetry-api-events-1.26.0-alpha.jar:/home/coder/.m2/repository/io/opentelemetry/opentelemetry-sdk-common/1.26.0/opentelemetry-sdk-common-1.26.0.jar:/home/coder/.m2/repository/io/opentelemetry/opentelemetry-sdk-extension-autoconfigure-spi/1.26.0/opentelemetry-sdk-extension-autoconfigure-spi-1.26.0.jar:/home/coder/.m2/repository/io/opentelemetry/opentelemetry-sdk-extension-autoconfigure/1.26.0-alpha/opentelemetry-sdk-extension-autoconfigure-1.26.0-alpha.jar:/home/coder/.m2/repository/io/opentelemetry/opentelemetry-sdk-trace/1.26.0/opentelemetry-sdk-trace-1.26.0.jar:/home/coder/.m2/repository/io/opentelemetry/opentelemetry-sdk/1.26.0/opentelemetry-sdk-1.26.0.jar:/home/coder/.m2/repository/io/opentelemetry/opentelemetry-semconv/1.26.0-alpha/opentelemetry-semconv-1.26.0-alpha.jar:/home/coder/.m2/repository/net/bytebuddy/byte-buddy/1.14.4/byte-buddy-1.14.4.jar:/home/coder/.m2/repository/org/apache/commons/commons-exec/1.3/commons-exec-1.3.jar:/home/coder/.m2/repository/org/asynchttpclient/async-http-client/2.12.3/async-http-client-2.12.3.jar:/home/coder/.m2/repository/org/asynchttpclient/async-http-client-netty-utils/2.12.3/async-http-client-netty-utils-2.12.3.jar:/home/coder/.m2/repository/io/netty/netty-codec-socks/4.1.60.Final/netty-codec-socks-4.1.60.Final.jar:/home/coder/.m2/repository/io/netty/netty-handler-proxy/4.1.60.Final/netty-handler-proxy-4.1.60.Final.jar:/home/coder/.m2/repository/io/netty/netty-transport-native-epoll/4.1.60.Final/netty-transport-native-epoll-4.1.60.Final-linux-x86_64.jar:/home/coder/.m2/repository/io/netty/netty-transport-native-kqueue/4.1.60.Final/netty-transport-native-kqueue-4.1.60.Final-osx-x86_64.jar:/home/coder/.m2/repository/org/reactivestreams/reactive-streams/1.0.3/reactive-streams-1.0.3.jar:/home/coder/.m2/repository/com/typesafe/netty/netty-reactive-streams/2.0.4/netty-reactive-streams-2.0.4.jar:/home/coder/.m2/repository/com/sun/activation/jakarta.activation/1.2.2/jakarta.activation-1.2.2.jar:/home/coder/.m2/repository/org/seleniumhq/selenium/selenium-safari-driver/4.10.0/selenium-safari-driver-4.10.0.jar:/home/coder/.m2/repository/org/seleniumhq/selenium/selenium-support/4.10.0/selenium-support-4.10.0.jar:/home/coder/.m2/repository/junit/junit/4.13.2/junit-4.13.2.jar:/home/coder/.m2/repository/org/hamcrest/hamcrest-core/1.3/hamcrest-core-1.3.jar:/home/coder/.m2/repository/io/github/bonigarcia/webdrivermanager/5.3.3/webdrivermanager-5.3.3.jar:/home/coder/.m2/repository/org/slf4j/slf4j-api/2.0.7/slf4j-api-2.0.7.jar:/home/coder/.m2/repository/com/google/code/gson/gson/2.10.1/gson-2.10.1.jar:/home/coder/.m2/repository/com/github/docker-java/docker-java/3.3.0/docker-java-3.3.0.jar:/home/coder/.m2/repository/com/github/docker-java/docker-java-core/3.3.0/docker-java-core-3.3.0.jar:/home/coder/.m2/repository/com/github/docker-java/docker-java-api/3.3.0/docker-java-api-3.3.0.jar:/home/coder/.m2/repository/com/fasterxml/jackson/core/jackson-annotations/2.10.3/jackson-annotations-2.10.3.jar:/home/coder/.m2/repository/commons-io/commons-io/2.6/commons-io-2.6.jar:/home/coder/.m2/repository/org/apache/commons/commons-compress/1.21/commons-compress-1.21.jar:/home/coder/.m2/repository/com/fasterxml/jackson/core/jackson-databind/2.10.3/jackson-databind-2.10.3.jar:/home/coder/.m2/repository/com/fasterxml/jackson/core/jackson-core/2.10.3/jackson-core-2.10.3.jar:/home/coder/.m2/repository/org/bouncycastle/bcpkix-jdk15on/1.64/bcpkix-jdk15on-1.64.jar:/home/coder/.m2/repository/org/bouncycastle/bcprov-jdk15on/1.64/bcprov-jdk15on-1.64.jar:/home/coder/.m2/repository/org/slf4j/jcl-over-slf4j/1.7.30/jcl-over-slf4j-1.7.30.jar:/home/coder/.m2/repository/com/github/docker-java/docker-java-transport-httpclient5/3.3.0/docker-java-transport-httpclient5-3.3.0.jar:/home/coder/.m2/repository/com/github/docker-java/docker-java-transport/3.3.0/docker-java-transport-3.3.0.jar:/home/coder/.m2/repository/net/java/dev/jna/jna/5.12.1/jna-5.12.1.jar:/home/coder/.m2/repository/org/brotli/dec/0.1.2/dec-0.1.2.jar:/home/coder/.m2/repository/org/apache/commons/commons-lang3/3.12.0/commons-lang3-3.12.0.jar:/home/coder/.m2/repository/org/apache/httpcomponents/client5/httpclient5/5.2.1/httpclient5-5.2.1.jar:/home/coder/.m2/repository/org/apache/httpcomponents/core5/httpcore5/5.2/httpcore5-5.2.jar:/home/coder/.m2/repository/org/apache/httpcomponents/core5/httpcore5-h2/5.2/httpcore5-h2-5.2.jar:/home/coder/.m2/repository/org/sonarsource/scanner/maven/sonar-maven-plugin/3.9.1.2184/sonar-maven-plugin-3.9.1.2184.jar:/home/coder/.m2/repository/org/sonatype/plexus/plexus-sec-dispatcher/1.4/plexus-sec-dispatcher-1.4.jar:/home/coder/.m2/repository/org/sonatype/plexus/plexus-cipher/1.4/plexus-cipher-1.4.jar:/home/coder/.m2/repository/org/codehaus/plexus/plexus-utils/3.2.1/plexus-utils-3.2.1.jar:/home/coder/.m2/repository/org/sonarsource/scanner/api/sonar-scanner-api/2.16.2.588/sonar-scanner-api-2.16.2.588.jar:/home/coder/.m2/repository/commons-lang/commons-lang/2.6/commons-lang-2.6.jar:"/>
    <property name="sun.cpu.endian" value="little"/>
    <property name="user.home" value="/home/coder"/>
    <property name="user.language" value="en"/>
    <property name="java.specification.vendor" value="Oracle Corporation"/>
    <property name="java.version.date" value="2023-01-17"/>
    <property name="java.home" value="/usr/lib/jvm/java-11-openjdk-amd64"/>
    <property name="file.separator" value="/"/>
    <property name="basedir" value="/home/coder/project/workspace/cucumberapp"/>
    <property name="java.vm.compressedOopsMode" value="32-bit"/>
    <property name="line.separator" value="&#10;"/>
    <property name="java.specification.name" value="Java Platform API Specification"/>
    <property name="java.vm.specification.vendor" value="Oracle Corporation"/>
    <property name="java.awt.graphicsenv" value="sun.awt.X11GraphicsEnvironment"/>
    <property name="surefire.real.class.path" value="/home/coder/project/workspace/cucumberapp/target/surefire/surefirebooter1167995062458241038.jar"/>
    <property name="sun.management.compiler" value="HotSpot 64-Bit Tiered Compilers"/>
    <property name="java.runtime.version" value="11.0.18+10-post-Debian-1deb11u1"/>
    <property name="user.name" value="coder"/>
    <property name="path.separator" value=":"/>
    <property name="os.version" value="5.10.162+"/>
    <property name="java.runtime.name" value="OpenJDK Runtime Environment"/>
    <property name="file.encoding" value="UTF-8"/>
    <property name="java.vm.name" value="OpenJDK 64-Bit Server VM"/>
    <property name="localRepository" value="/home/coder/.m2/repository"/>
    <property name="java.vendor.url.bug" value="https://bugs.debian.org/openjdk-11"/>
    <property name="java.io.tmpdir" value="/tmp"/>
    <property name="java.version" value="11.0.18"/>
    <property name="user.dir" value="/home/coder/project/workspace/cucumberapp"/>
    <property name="os.arch" value="amd64"/>
    <property name="java.vm.specification.name" value="Java Virtual Machine Specification"/>
    <property name="java.awt.printerjob" value="sun.print.PSPrinterJob"/>
    <property name="sun.os.patch.level" value="unknown"/>
    <property name="java.library.path" value="/usr/java/packages/lib:/usr/lib/x86_64-linux-gnu/jni:/lib/x86_64-linux-gnu:/usr/lib/x86_64-linux-gnu:/usr/lib/jni:/lib:/usr/lib"/>
    <property name="java.vm.info" value="mixed mode, sharing"/>
    <property name="java.vendor" value="Debian"/>
    <property name="java.vm.version" value="11.0.18+10-post-Debian-1deb11u1"/>
    <property name="sun.io.unicode.encoding" value="UnicodeLittle"/>
    <property name="java.class.version" value="55.0"/>
  </properties>
  <testcase name="Verify Reg Users Page in Dashboard" classname="Admin Dashboard Functionality for Car Rental Website" time="13.802"/>
  <testcase name="Verify Listed Vehicles Page in Dashboard" classname="Admin Dashboard Functionality for Car Rental Website" time="18.597"/>
  <testcase name="Verify Total Bookings Page in Dashboard" classname="Admin Dashboard Functionality for Car Rental Website" time="10.545"/>
  <testcase name="Verify Listed Brands Page in Dashboard" classname="Admin Dashboard Functionality for Car Rental Website" time="10.921"/>
  <testcase name="Verify Subscibers Page in Dashboard" classname="Admin Dashboard Functionality for Car Rental Website" time="10.276"/>
  <testcase name="Verify Queries Page in Dashboard" classname="Admin Dashboard Functionality for Car Rental Website" time="10.951"/>
  <testcase name="Verify Testimonials Page in Dashboard" classname="Admin Dashboard Functionality for Car Rental Website" time="10.399"/>
  <testcase name="Verify Logout Functionality in Dashboard" classname="Admin Dashboard Functionality for Car Rental Website" time="9.95"/>
  <testcase name="Here We are Booking a Car then Noting down the fromdate and Verifying it in Admin New Bookings then noting down the Booking no of that Car and Verifying in User My Booking" classname="User Module CarListing and My Booking" time="50.218"/>
  <testcase name="Verify the New Bookings(Confirm) Functionality of Car Rental Website and Verifying Noted Booking No In User My Booking status reflected or not" classname="Verify The Admin Booking Functionality of Car Rental Website" time="37.602"/>
  <testcase name="Verify the New Bookings(Cancel) Functionality of Car Rental Website and Verifying Noted Booking No In User My Booking status reflected or not" classname="Verify The Admin Booking Functionality of Car Rental Website" time="39.521"/>
  <testcase name="Verify the Confirmed Bookings Functionality of Car Rental Website" classname="Verify The Admin Booking Functionality of Car Rental Website" time="18.303"/>
  <testcase name="Verify the Canceled Bookings Functionality of Car Rental Website" classname="Verify The Admin Booking Functionality of Car Rental Website" time="16.401"/>
  <testcase name="Home | Contact Us #1" classname="Contact Us" time="8.196"/>
  <testcase name="Home | Contact Us #2" classname="Contact Us" time="8.901"/>
  <testcase name="Home | Contact Us #3" classname="Contact Us" time="9.005"/>
  <testcase name="Home | Contact Us #4" classname="Contact Us" time="8.896"/>
  <testcase name="Admin | Manage Contact Us Query" classname="Contact Us" time="11"/>
  <testcase name="Verify the Brand Name in Create Brand" classname="Verify Create Brand Functionality for car Rental Management" time="11.695"/>
  <testcase name="Verify the Empty Brand Name in Create Brand" classname="Verify Create Brand Functionality for car Rental Management" time="9.601"/>
  <testcase name="Home | FAQs" classname="FAQs" time="6.352"/>
  <testcase name="Successful login with valid credentials" classname="Admin Login Functionality for Car Rental Website" time="9.861"/>
  <testcase name="Unsuccessful login with invalid and empty credentials #1" classname="Admin Login Functionality for Car Rental Website" time="8.74"/>
  <testcase name="Unsuccessful login with invalid and empty credentials #2" classname="Admin Login Functionality for Car Rental Website" time="8.948"/>
  <testcase name="Unsuccessful login with invalid and empty credentials #3" classname="Admin Login Functionality for Car Rental Website" time="8.703"/>
  <testcase name="Unsuccessful login with invalid and empty credentials #4" classname="Admin Login Functionality for Car Rental Website" time="10.095"/>
  <testcase name="Navigating to the back to home page" classname="Admin Login Functionality for Car Rental Website" time="9.662"/>
  <testcase name="Verify show and search in Manage Brands" classname="Verify Manage Brands Functionality for car Rental Management" time="14.838"/>
  <testcase name="Verify previous and next button in Manage Brands" classname="Verify Manage Brands Functionality for car Rental Management" time="12.505"/>
  <testcase name="Verify edit option in Manage Brands" classname="Verify Manage Brands Functionality for car Rental Management" time="16.243"/>
  <testcase name="Verify delete option in Manage Brands #1" classname="Verify Manage Brands Functionality for car Rental Management" time="10.9"/>
  <testcase name="Verify delete option in Manage Brands #2" classname="Verify Manage Brands Functionality for car Rental Management" time="10.65"/>
  <testcase name="Verify Registered Users Of Admin Module" classname="Verify The Admin Reqistered Users Functionality of Car Rental Website" time="14.599"/>
  <testcase name="Check about us page is displayed on clicking about us button" classname="feature to test about us button functionality" time="7.15"/>
  <testcase name="Check CarListing page is displayed on clicking CarListing button" classname="Feature to test Car Listing page functionality" time="8.947"/>
  <testcase name="Check cars are displayed on selecting brand type and fuel type" classname="Feature to test Car Listing page functionality" time="8.599"/>
  <testcase name="Check functionality of recently listed cars" classname="Feature to test Car Listing page functionality" time="8.701"/>
  <testcase name="Check the details of the car is displayed on clicking on view details button" classname="Feature to test Car Listing page functionality" time="9.048"/>
  <testcase name="Check functionality of similar cars" classname="Feature to test Car Listing page functionality" time="9.451"/>
  <testcase name="Check functionality of prev and next buttons" classname="Feature to test Car Listing page functionality" time="9.099"/>
  <testcase name="Check functionality of Vehicle Overview button" classname="Feature to test Car Listing page functionality" time="8.301"/>
  <testcase name="Check FAQs page is displayed on clicking faqs button" classname="Feature to test FAQs button functionality" time="7.806"/>
  <testcase name="Check Contact us page functionality" classname="Feature to test FAQs button functionality" time="9.803"/>
  <testcase name="Verify the warning message for empty fields" classname="Feature to test FAQs button functionality" time="14.187"/>
  <testcase name="Check Admin sign in page is displayed on clicking Admin button" classname="Feature to test FAQs button functionality" time="7.599"/>
  <testcase name="Check Login page is displayed on clicking Login/Register button" classname="Feature to test FAQs button functionality" time="7.25"/>
  <testcase name="Check privacy policy page and Terms of use page is displayed on clicking privacy and terms of use button respectively" classname="Feature to test FAQs button functionality" time="10.015"/>
  <testcase name="Check functionality of Subscribe button" classname="Feature to test FAQs button functionality" time="8.236"/>
  <testcase name="Check functionality Service HelpLine button" classname="Feature to test FAQs button functionality" time="7.199"/>
  <testcase name="validate the search in manage contact us query" classname="feature to test the manage contactus query Page" time="14.901"/>
  <testcase name="Validate the Manage Page button is working or not - TC_ID_ManagePages_1" classname="feature to test the Manage pages page" time="11.099"/>
  <testcase name="Validate terms and conditions option in dropdown - TC_ID_ManagePage_2" classname="feature to test the Manage pages page" time="14.099"/>
  <testcase name="Validate privacy and policy option in dropdown - TC_ID_ManagePage_3" classname="feature to test the Manage pages page" time="13.4"/>
  <testcase name="Validate about us option in dropdown - TC_ID_ManagePage_4" classname="feature to test the Manage pages page" time="13.8"/>
  <testcase name="Validate FQAs option in dropdown  -TC_ID_ManagePage_5" classname="feature to test the Manage pages page" time="14.199"/>
  <testcase name="validate the search field in manage subscribers page -  TC_ID_Manage_subscribers_1" classname="feature to test the manage subscribers Page" time="10.802"/>
  <testcase name="validate the show field in manage subscribers page -  TC_ID_Manage_subscribers_2" classname="feature to test the manage subscribers Page" time="10.396"/>
  <testcase name="validate the show field in manage subscribers page -  TC_ID_Manage_subscribers_3" classname="feature to test the manage subscribers Page" time="10.701"/>
  <testcase name="Validate the action option in Manage Subscribers Page  -  TC_ID_Manage_subscribers_4" classname="feature to test the manage subscribers Page" time="10.999"/>
  <testcase name="Validate the action option in Manage Subscribers Page  - TC_ID_Manage_subscribers_5" classname="feature to test the manage subscribers Page" time="10.5"/>
  <testcase name="validate the search field in manage testimonial page -  TC_ID_Manage_1" classname="feature to test the manage testimonial Page" time="10.297"/>
  <testcase name="validate the show field in manage testimonial page -  TC_ID_Manage_2" classname="feature to test the manage testimonial Page" time="10.8"/>
  <testcase name="validate the show field in manage testimonial page -  TC_ID_Manage_3" classname="feature to test the manage testimonial Page" time="10.747"/>
  <testcase name="Validate the inactive option and then click on okay in testimonial page - TC_ID_Manage_4" classname="feature to test the manage testimonial Page" time="13.852"/>
  <testcase name="Validate the inactive option and then click on cancel in testimonial page -  TC_ID_Manage_5" classname="feature to test the manage testimonial Page" time="11.801"/>
  <testcase name="Validate the active option and then click on okay in testimonial page - TC_ID_Manage_6" classname="feature to test the manage testimonial Page" time="14.351"/>
  <testcase name="Validate the active option and then click on cancel in testimonial page - TC_ID_Manage_7" classname="feature to test the manage testimonial Page" time="13.1"/>
  <testcase name="to validate the page of post a vehicle page" classname="feature to test post a vehicle page" time="19.597"/>
  <testcase name="To validate the entered fields are updated in the admin module #1" classname="To validate the profile settings option in the user module" time="14.249"/>
  <testcase name="To validate the entered fields are updated in the admin module #2" classname="To validate the profile settings option in the user module" time="13.401"/>
  <testcase name="To validate the entered fields are updated in the admin module #3" classname="To validate the profile settings option in the user module" time="13.399"/>
  <testcase name="To validate the entered fields are updated in the admin module #4" classname="To validate the profile settings option in the user module" time="18.6"/>
  <testcase name="Validate the popup message is displayed when the admin enter invalid Email id -TC_ID_Update_contact_1" classname="feature to test the Update contact info --#line 170 in javafile" time="12.399"/>
  <testcase name="Validate the popup message is displayed when the admin enter invalid contact - TC_ID_Update_contact_2 (Failed testcase)" classname="feature to test the Update contact info --#line 170 in javafile" time="11.801"/>
  <testcase name="Validate the popup message is displayed when the admin enter only email, contact -TC_ID_Update_contact_3" classname="feature to test the Update contact info --#line 170 in javafile" time="10"/>
  <testcase name="Validate the popup message is displayed when the admin enter only address, contact - TC_ID_Update_contact_4" classname="feature to test the Update contact info --#line 170 in javafile" time="10.198"/>
  <testcase name="Validate the popup message is displayed when the admin enter only address, emailid - TC_ID_Update_contact_5" classname="feature to test the Update contact info --#line 170 in javafile" time="10.401"/>
  <testcase name="Validate the popup message is displayed when all the fields are empty - TC_ID_Update_contact_6" classname="feature to test the Update contact info --#line 170 in javafile" time="10.602"/>
  <testcase name="Validate the admin can change the fields in Update Contact Info in home page -   TC_ID_Update_contact_7" classname="feature to test the Update contact info --#line 170 in javafile" time="14.198"/>
  <testcase name="Validate the admin can change the fields in Update Contact Info in contact us page- TC_ID_Update_contact_8" classname="feature to test the Update contact info --#line 170 in javafile" time="12.802"/>
  <testcase name="Successful login with valid credentials" classname="User Login Functionality for Car Rental Website" time="9.348"/>
  <testcase name="Unsuccessful login with invalid and empty credentials #1" classname="User Login Functionality for Car Rental Website" time="8.851"/>
  <testcase name="Unsuccessful login with invalid and empty credentials #2" classname="User Login Functionality for Car Rental Website" time="8.302"/>
  <testcase name="Unsuccessful login with invalid and empty credentials #3" classname="User Login Functionality for Car Rental Website" time="8.599"/>
  <testcase name="Unsuccessful login with invalid and empty credentials #4" classname="User Login Functionality for Car Rental Website" time="8.098"/>
  <testcase name="Verify post a testimonial" classname="Feature to verify post a testimonial functionality of car rental website" time="16.899"/>
  <testcase name="Verify empty testimonial field" classname="Feature to verify post a testimonial functionality of car rental website" time="11.852"/>
  <testcase name="Verify signout option" classname="Feature to verify post a testimonial functionality of car rental website" time="12.348"/>
  <testcase name="validate the page of manage vehicles" classname="feature to test manage vehicles page" time="20.123"/>
</testsuite>